<?xml version="1.0" encoding="UTF-8"?>
<testng-results ignored="0" total="8" passed="8" failed="0" skipped="0">
  <reporter-output>
  </reporter-output>
  <suite started-at="2021-03-16T15:18:27Z" name="Command line suite" finished-at="2021-03-16T15:19:08Z" duration-ms="41709">
    <groups>
    </groups>
    <test started-at="2021-03-16T15:18:27Z" name="Command line test" finished-at="2021-03-16T15:19:08Z" duration-ms="41709">
      <class name="com.Spree.TestCase.LoginLogoutValidationTest">
        <test-method is-config="true" signature="setDriver(org.testng.ITestContext)[pri:0, instance:com.Spree.TestCase.LoginLogoutValidationTest@77f99a05]" started-at="2021-03-16T15:18:27Z" name="setDriver" finished-at="2021-03-16T15:18:29Z" duration-ms="1799" status="PASS">
          <params>
            <param index="0">
              <value>
                <![CDATA[org.testng.TestRunner@189b5fb1]]>
              </value>
            </param>
          </params>
          <reporter-output>
          </reporter-output>
        </test-method> <!-- setDriver -->
        <test-method is-config="true" signature="setURL()[pri:0, instance:com.Spree.TestCase.LoginLogoutValidationTest@77f99a05]" started-at="2021-03-16T15:18:29Z" name="setURL" finished-at="2021-03-16T15:18:30Z" duration-ms="1946" status="PASS">
          <reporter-output>
          </reporter-output>
        </test-method> <!-- setURL -->
        <test-method signature="logout()[pri:0, instance:com.Spree.TestCase.LoginLogoutValidationTest@77f99a05]" started-at="2021-03-16T15:18:30Z" name="logout" finished-at="2021-03-16T15:18:33Z" duration-ms="2991" status="PASS">
          <reporter-output>
          </reporter-output>
        </test-method> <!-- logout -->
        <test-method is-config="true" signature="setURL()[pri:0, instance:com.Spree.TestCase.LoginLogoutValidationTest@77f99a05]" started-at="2021-03-16T15:18:33Z" name="setURL" finished-at="2021-03-16T15:18:34Z" duration-ms="791" status="PASS">
          <reporter-output>
          </reporter-output>
        </test-method> <!-- setURL -->
        <test-method signature="verifyInvalidLoginMessage()[pri:0, instance:com.Spree.TestCase.LoginLogoutValidationTest@77f99a05]" started-at="2021-03-16T15:18:34Z" name="verifyInvalidLoginMessage" finished-at="2021-03-16T15:18:36Z" duration-ms="1499" status="PASS">
          <reporter-output>
          </reporter-output>
        </test-method> <!-- verifyInvalidLoginMessage -->
        <test-method is-config="true" signature="setURL()[pri:0, instance:com.Spree.TestCase.LoginLogoutValidationTest@77f99a05]" started-at="2021-03-16T15:18:36Z" name="setURL" finished-at="2021-03-16T15:18:36Z" duration-ms="553" status="PASS">
          <reporter-output>
          </reporter-output>
        </test-method> <!-- setURL -->
        <test-method signature="verifyInvalidLoginMessageTooltip()[pri:0, instance:com.Spree.TestCase.LoginLogoutValidationTest@77f99a05]" started-at="2021-03-16T15:18:36Z" name="verifyInvalidLoginMessageTooltip" finished-at="2021-03-16T15:18:37Z" duration-ms="836" status="PASS">
          <reporter-output>
          </reporter-output>
        </test-method> <!-- verifyInvalidLoginMessageTooltip -->
        <test-method is-config="true" signature="setURL()[pri:0, instance:com.Spree.TestCase.LoginLogoutValidationTest@77f99a05]" started-at="2021-03-16T15:18:37Z" name="setURL" finished-at="2021-03-16T15:18:38Z" duration-ms="760" status="PASS">
          <reporter-output>
          </reporter-output>
        </test-method> <!-- setURL -->
        <test-method signature="verifyLoginSuccessMessage()[pri:0, instance:com.Spree.TestCase.LoginLogoutValidationTest@77f99a05]" started-at="2021-03-16T15:18:38Z" name="verifyLoginSuccessMessage" finished-at="2021-03-16T15:18:40Z" duration-ms="1618" status="PASS">
          <reporter-output>
          </reporter-output>
        </test-method> <!-- verifyLoginSuccessMessage -->
        <test-method is-config="true" signature="tearDown()[pri:0, instance:com.Spree.TestCase.LoginLogoutValidationTest@77f99a05]" started-at="2021-03-16T15:18:40Z" name="tearDown" finished-at="2021-03-16T15:18:40Z" duration-ms="117" status="PASS">
          <reporter-output>
          </reporter-output>
        </test-method> <!-- tearDown -->
      </class> <!-- com.Spree.TestCase.LoginLogoutValidationTest -->
      <class name="com.Spree.TestCase.SearchFilterProductRangeValidationTest">
        <test-method is-config="true" signature="setDriver(org.testng.ITestContext)[pri:0, instance:com.Spree.TestCase.SearchFilterProductRangeValidationTest@4d3167f4]" started-at="2021-03-16T15:19:02Z" name="setDriver" finished-at="2021-03-16T15:19:03Z" duration-ms="1014" status="PASS">
          <params>
            <param index="0">
              <value>
                <![CDATA[org.testng.TestRunner@189b5fb1]]>
              </value>
            </param>
          </params>
          <reporter-output>
          </reporter-output>
        </test-method> <!-- setDriver -->
        <test-method is-config="true" signature="setURL()[pri:0, instance:com.Spree.TestCase.SearchFilterProductRangeValidationTest@4d3167f4]" started-at="2021-03-16T15:19:03Z" name="setURL" finished-at="2021-03-16T15:19:06Z" duration-ms="2448" status="PASS">
          <reporter-output>
          </reporter-output>
        </test-method> <!-- setURL -->
        <test-method signature="verifyFilterSearchProdutRange()[pri:0, instance:com.Spree.TestCase.SearchFilterProductRangeValidationTest@4d3167f4]" started-at="2021-03-16T15:19:06Z" name="verifyFilterSearchProdutRange" finished-at="2021-03-16T15:19:08Z" duration-ms="2659" status="PASS">
          <reporter-output>
          </reporter-output>
        </test-method> <!-- verifyFilterSearchProdutRange -->
        <test-method is-config="true" signature="tearDown()[pri:0, instance:com.Spree.TestCase.SearchFilterProductRangeValidationTest@4d3167f4]" started-at="2021-03-16T15:19:08Z" name="tearDown" finished-at="2021-03-16T15:19:08Z" duration-ms="95" status="PASS">
          <reporter-output>
          </reporter-output>
        </test-method> <!-- tearDown -->
      </class> <!-- com.Spree.TestCase.SearchFilterProductRangeValidationTest -->
      <class name="com.Spree.TestCase.SearchProdutTextValidationTest">
        <test-method is-config="true" signature="setDriver(org.testng.ITestContext)[pri:0, instance:com.Spree.TestCase.SearchProdutTextValidationTest@3aeaafa6]" started-at="2021-03-16T15:18:49Z" name="setDriver" finished-at="2021-03-16T15:18:50Z" duration-ms="1031" status="PASS">
          <params>
            <param index="0">
              <value>
                <![CDATA[org.testng.TestRunner@189b5fb1]]>
              </value>
            </param>
          </params>
          <reporter-output>
          </reporter-output>
        </test-method> <!-- setDriver -->
        <test-method is-config="true" signature="setURL()[pri:0, instance:com.Spree.TestCase.SearchProdutTextValidationTest@3aeaafa6]" started-at="2021-03-16T15:18:50Z" name="setURL" finished-at="2021-03-16T15:18:52Z" duration-ms="2392" status="PASS">
          <reporter-output>
          </reporter-output>
        </test-method> <!-- setURL -->
        <test-method signature="verifySearch()[pri:0, instance:com.Spree.TestCase.SearchProdutTextValidationTest@3aeaafa6]" started-at="2021-03-16T15:18:52Z" name="verifySearch" finished-at="2021-03-16T15:18:54Z" duration-ms="2024" status="PASS">
          <reporter-output>
          </reporter-output>
        </test-method> <!-- verifySearch -->
        <test-method is-config="true" signature="tearDown()[pri:0, instance:com.Spree.TestCase.SearchProdutTextValidationTest@3aeaafa6]" started-at="2021-03-16T15:18:54Z" name="tearDown" finished-at="2021-03-16T15:18:54Z" duration-ms="92" status="PASS">
          <reporter-output>
          </reporter-output>
        </test-method> <!-- tearDown -->
      </class> <!-- com.Spree.TestCase.SearchProdutTextValidationTest -->
      <class name="com.Spree.TestCase.CheckoutOrderAmountValidationTest">
        <test-method is-config="true" signature="setDriver(org.testng.ITestContext)[pri:0, instance:com.Spree.TestCase.CheckoutOrderAmountValidationTest@76a3e297]" started-at="2021-03-16T15:18:54Z" name="setDriver" finished-at="2021-03-16T15:18:55Z" duration-ms="1056" status="PASS">
          <params>
            <param index="0">
              <value>
                <![CDATA[org.testng.TestRunner@189b5fb1]]>
              </value>
            </param>
          </params>
          <reporter-output>
          </reporter-output>
        </test-method> <!-- setDriver -->
        <test-method is-config="true" signature="setURL()[pri:0, instance:com.Spree.TestCase.CheckoutOrderAmountValidationTest@76a3e297]" started-at="2021-03-16T15:18:55Z" name="setURL" finished-at="2021-03-16T15:18:58Z" duration-ms="2274" status="PASS">
          <reporter-output>
          </reporter-output>
        </test-method> <!-- setURL -->
        <test-method signature="verifyCheckoutOrderAmount()[pri:0, instance:com.Spree.TestCase.CheckoutOrderAmountValidationTest@76a3e297]" started-at="2021-03-16T15:18:58Z" name="verifyCheckoutOrderAmount" finished-at="2021-03-16T15:19:02Z" duration-ms="4533" status="PASS">
          <reporter-output>
          </reporter-output>
        </test-method> <!-- verifyCheckoutOrderAmount -->
        <test-method is-config="true" signature="tearDown()[pri:0, instance:com.Spree.TestCase.CheckoutOrderAmountValidationTest@76a3e297]" started-at="2021-03-16T15:19:02Z" name="tearDown" finished-at="2021-03-16T15:19:02Z" duration-ms="107" status="PASS">
          <reporter-output>
          </reporter-output>
        </test-method> <!-- tearDown -->
      </class> <!-- com.Spree.TestCase.CheckoutOrderAmountValidationTest -->
      <class name="com.Spree.TestCase.ClearCartValidationTest">
        <test-method is-config="true" signature="setDriver(org.testng.ITestContext)[pri:0, instance:com.Spree.TestCase.ClearCartValidationTest@63440df3]" started-at="2021-03-16T15:18:40Z" name="setDriver" finished-at="2021-03-16T15:18:41Z" duration-ms="1064" status="PASS">
          <params>
            <param index="0">
              <value>
                <![CDATA[org.testng.TestRunner@189b5fb1]]>
              </value>
            </param>
          </params>
          <reporter-output>
          </reporter-output>
        </test-method> <!-- setDriver -->
        <test-method is-config="true" signature="setURL()[pri:0, instance:com.Spree.TestCase.ClearCartValidationTest@63440df3]" started-at="2021-03-16T15:18:41Z" name="setURL" finished-at="2021-03-16T15:18:43Z" duration-ms="2270" status="PASS">
          <reporter-output>
          </reporter-output>
        </test-method> <!-- setURL -->
        <test-method signature="verifyCheckoutOrderAmount()[pri:0, instance:com.Spree.TestCase.ClearCartValidationTest@63440df3]" started-at="2021-03-16T15:18:43Z" name="verifyCheckoutOrderAmount" finished-at="2021-03-16T15:18:49Z" duration-ms="5617" status="PASS">
          <reporter-output>
          </reporter-output>
        </test-method> <!-- verifyCheckoutOrderAmount -->
        <test-method is-config="true" signature="tearDown()[pri:0, instance:com.Spree.TestCase.ClearCartValidationTest@63440df3]" started-at="2021-03-16T15:18:49Z" name="tearDown" finished-at="2021-03-16T15:18:49Z" duration-ms="101" status="PASS">
          <reporter-output>
          </reporter-output>
        </test-method> <!-- tearDown -->
      </class> <!-- com.Spree.TestCase.ClearCartValidationTest -->
    </test> <!-- Command line test -->
  </suite> <!-- Command line suite -->
</testng-results>
