<?xml version="1.0" encoding="UTF-8" ?>
<testsuite tests="8" failures="0" name="TestSuite" time="21.779" errors="0" skipped="0">
  <properties>
[...]
</properties>
  <testcase classname="com.Spree.TestCase.LoginLogoutValidationTest" name="logout" time="2.993"/>
  <testcase classname="com.Spree.TestCase.LoginLogoutValidationTest" name="verifyInvalidLoginMessage" time="1.499"/>
  <testcase classname="com.Spree.TestCase.LoginLogoutValidationTest" name="verifyInvalidLoginMessageTooltip" time="0.836"/>
  <testcase classname="com.Spree.TestCase.LoginLogoutValidationTest" name="verifyLoginSuccessMessage" time="1.619"/>
  <testcase classname="com.Spree.TestCase.ClearCartValidationTest" name="verifyCheckoutOrderAmount" time="5.617"/>
  <testcase classname="com.Spree.TestCase.SearchProdutTextValidationTest" name="verifySearch" time="2.023"/>
  <testcase classname="com.Spree.TestCase.CheckoutOrderAmountValidationTest" name="verifyCheckoutOrderAmount" time="4.533"/>
  <testcase classname="com.Spree.TestCase.SearchFilterProductRangeValidationTest" name="verifyFilterSearchProdutRange" time="2.659"/>
</testsuite>