<?xml version="1.0" encoding="UTF-8"?>
<!-- Generated by org.testng.reporters.JUnitXMLReporter -->
<testsuite ignored="0" hostname="Shakuntalas-MacBook-Pro.local" failures="0" tests="8" name="Command line test" time="41.709" errors="0" timestamp="16 Mar 2021 15:19:13 GMT">
  <testcase classname="com.Spree.TestCase.LoginLogoutValidationTest" name="logout" time="2.991"/>
  <testcase classname="com.Spree.TestCase.LoginLogoutValidationTest" name="verifyInvalidLoginMessage" time="1.499"/>
  <testcase classname="com.Spree.TestCase.LoginLogoutValidationTest" name="verifyInvalidLoginMessageTooltip" time="0.836"/>
  <testcase classname="com.Spree.TestCase.LoginLogoutValidationTest" name="verifyLoginSuccessMessage" time="1.618"/>
  <testcase classname="com.Spree.TestCase.ClearCartValidationTest" name="verifyCheckoutOrderAmount" time="5.617"/>
  <testcase classname="com.Spree.TestCase.SearchProdutTextValidationTest" name="verifySearch" time="2.024"/>
  <testcase classname="com.Spree.TestCase.CheckoutOrderAmountValidationTest" name="verifyCheckoutOrderAmount" time="4.533"/>
  <testcase classname="com.Spree.TestCase.SearchFilterProductRangeValidationTest" name="verifyFilterSearchProdutRange" time="2.659"/>
</testsuite> <!-- Command line test -->
